0 info it worked if it ends with ok
1 verbose cli [ '/usr/bin/node', '/usr/bin/npm', 'install' ]
2 info using npm@1.4.14
3 info using node@v0.10.29
4 verbose node symlink /usr/bin/node
5 warn package.json kumoplayweb@0.0.1 No repository field.
6 warn package.json kumoplayweb@0.0.1 No README data
7 verbose readDependencies using package.json deps
8 verbose install where, deps [ '/home/andres/Hyvemynd/NodeProjects/kumoplay/kumoplayweb',
8 verbose install   [ 'membership',
8 verbose install     'body-parser',
8 verbose install     'express',
8 verbose install     'express-session',
8 verbose install     'jade',
8 verbose install     'method-override',
8 verbose install     'morgan' ] ]
9 info preinstall kumoplayweb@0.0.1
10 verbose readDependencies using package.json deps
11 verbose cache add [ 'membership@git://github.com/HyveMynd/kumoplay-membership',
11 verbose cache add   null ]
12 verbose cache add name=undefined spec="membership@git://github.com/HyveMynd/kumoplay-membership" args=["membership@git://github.com/HyveMynd/kumoplay-membership",null]
13 verbose parsed url { protocol: null,
13 verbose parsed url   slashes: null,
13 verbose parsed url   auth: null,
13 verbose parsed url   host: null,
13 verbose parsed url   port: null,
13 verbose parsed url   hostname: null,
13 verbose parsed url   hash: null,
13 verbose parsed url   search: null,
13 verbose parsed url   query: null,
13 verbose parsed url   pathname: 'membership@git://github.com/HyveMynd/kumoplay-membership',
13 verbose parsed url   path: 'membership@git://github.com/HyveMynd/kumoplay-membership',
13 verbose parsed url   href: 'membership@git://github.com/HyveMynd/kumoplay-membership' }
14 verbose already installed skipping body-parser@^1.4.3 /home/andres/Hyvemynd/NodeProjects/kumoplay/kumoplayweb
15 verbose already installed skipping express@^4.6.1 /home/andres/Hyvemynd/NodeProjects/kumoplay/kumoplayweb
16 verbose cache add name="membership" spec="git://github.com/HyveMynd/kumoplay-membership" args=["membership","git://github.com/HyveMynd/kumoplay-membership"]
17 verbose parsed url { protocol: 'git:',
17 verbose parsed url   slashes: true,
17 verbose parsed url   auth: null,
17 verbose parsed url   host: 'github.com',
17 verbose parsed url   port: null,
17 verbose parsed url   hostname: 'github.com',
17 verbose parsed url   hash: null,
17 verbose parsed url   search: null,
17 verbose parsed url   query: null,
17 verbose parsed url   pathname: '/HyveMynd/kumoplay-membership',
17 verbose parsed url   path: '/HyveMynd/kumoplay-membership',
17 verbose parsed url   href: 'git://github.com/HyveMynd/kumoplay-membership' }
18 verbose already installed skipping express-session@^1.6.5 /home/andres/Hyvemynd/NodeProjects/kumoplay/kumoplayweb
19 silly lockFile 9b168db4-com-HyveMynd-kumoplay-membership git://github.com/HyveMynd/kumoplay-membership
20 verbose lock git://github.com/HyveMynd/kumoplay-membership /home/andres/.npm/9b168db4-com-HyveMynd-kumoplay-membership.lock
21 verbose addRemoteGit [ 'git://github.com/HyveMynd/kumoplay-membership', 'master' ]
22 verbose already installed skipping jade@^1.4.2 /home/andres/Hyvemynd/NodeProjects/kumoplay/kumoplayweb
23 verbose already installed skipping method-override@^2.1.1 /home/andres/Hyvemynd/NodeProjects/kumoplay/kumoplayweb
24 verbose already installed skipping morgan@^1.2.0 /home/andres/Hyvemynd/NodeProjects/kumoplay/kumoplayweb
25 error git clone git://github.com/HyveMynd/kumoplay-membership Cloning into bare repository '/home/andres/.npm/_git-remotes/git-github-com-HyveMynd-kumoplay-membership-9b168db4'...
25 error git clone git://github.com/HyveMynd/kumoplay-membership
25 error git clone git://github.com/HyveMynd/kumoplay-membership fatal: remote error:
25 error git clone git://github.com/HyveMynd/kumoplay-membership   Repository not found.
26 silly lockFile 9b168db4-com-HyveMynd-kumoplay-membership git://github.com/HyveMynd/kumoplay-membership
27 silly lockFile 9b168db4-com-HyveMynd-kumoplay-membership git://github.com/HyveMynd/kumoplay-membership
28 error Error: Command failed: fatal: remote error:
28 error   Repository not found.
28 error
28 error     at ChildProcess.exithandler (child_process.js:647:15)
28 error     at ChildProcess.emit (events.js:98:17)
28 error     at maybeClose (child_process.js:755:16)
28 error     at Socket.<anonymous> (child_process.js:968:11)
28 error     at Socket.emit (events.js:95:17)
28 error     at Pipe.close (net.js:465:12)
29 error If you need help, you may report this *entire* log,
29 error including the npm and node versions, at:
29 error     <http://github.com/npm/npm/issues>
30 error System Linux 3.11.0-12-generic
31 error command "/usr/bin/node" "/usr/bin/npm" "install"
32 error cwd /home/andres/Hyvemynd/NodeProjects/kumoplay/kumoplayweb
33 error node -v v0.10.29
34 error npm -v 1.4.14
35 error code 128
36 verbose exit [ 1, true ]
